<?xml version="1.0" encoding="UTF-8"?>
<!-- Generated by org.testng.reporters.JUnitReportReporter -->
<testsuite hostname="Mac-mini.local" failures="0" tests="1" name="apiTests.portal.PurtnerDashBoardTest" time="8.012" errors="0" timestamp="14 Sep 2021 14:48:27 GMT" skipped="0">
  <testcase classname="apiTests.portal.PurtnerDashBoardTest" name="valueScorePartner" time="8.012"/>
</testsuite> <!-- apiTests.portal.PurtnerDashBoardTest -->
