<?xml version="1.0" encoding="UTF-8"?>
<!-- Generated by org.testng.reporters.JUnitReportReporter -->
<testsuite hostname="Mac-mini.local" failures="0" tests="9" name="portal.SignInTest" time="0.001" errors="1" timestamp="14 Sep 2021 14:48:27 GMT" skipped="8">
  <testcase classname="portal.SignInTest" name="publisherSignInFromWelcomePage" time="0.000">
    <skipped/>
  </testcase> <!-- publisherSignInFromWelcomePage -->
  <testcase classname="portal.SignInTest" name="signInErrorTextVerification" time="0.000">
    <skipped/>
  </testcase> <!-- signInErrorTextVerification -->
  <testcase classname="portal.SignInTest" name="signInPublisher" time="0.000">
    <skipped/>
  </testcase> <!-- signInPublisher -->
  <testcase classname="portal.SignInTest" name="signInMemberWithError" time="0.000">
    <skipped/>
  </testcase> <!-- signInMemberWithError -->
  <testcase classname="portal.SignInTest" name="recoveryPasswordSuccess" time="0.000">
    <skipped/>
  </testcase> <!-- recoveryPasswordSuccess -->
  <testcase classname="portal.SignInTest" name="pagesDriver" time="0.001">
    <error type="java.lang.NullPointerException">
      <![CDATA[java.lang.NullPointerException
at java.base/java.util.Objects.requireNonNull(Objects.java:221)
at org.openqa.selenium.support.ui.FluentWait.<init>(FluentWait.java:106)
at org.openqa.selenium.support.ui.WebDriverWait.<init>(WebDriverWait.java:85)
at org.openqa.selenium.support.ui.WebDriverWait.<init>(WebDriverWait.java:45)
at utils.WaitUtils.<init>(WaitUtils.java:26)
at utils.ActionHelperUtils.<init>(ActionHelperUtils.java:35)
at base.BaseComponent.<init>(BaseComponent.java:19)
at portalPages.FeedPage.<init>(FeedPage.java:27)
at portal.SignInTest.pagesDriver(SignInTest.java:41)
at java.base/jdk.internal.reflect.NativeMethodAccessorImpl.invoke0(Native Method)
at java.base/jdk.internal.reflect.NativeMethodAccessorImpl.invoke(NativeMethodAccessorImpl.java:62)
at java.base/jdk.internal.reflect.DelegatingMethodAccessorImpl.invoke(DelegatingMethodAccessorImpl.java:43)
at java.base/java.lang.reflect.Method.invoke(Method.java:564)
at org.testng.internal.MethodInvocationHelper.invokeMethod(MethodInvocationHelper.java:124)
at org.testng.internal.MethodInvocationHelper.invokeMethodConsideringTimeout(MethodInvocationHelper.java:59)
at org.testng.internal.Invoker.invokeConfigurationMethod(Invoker.java:458)
at org.testng.internal.Invoker.invokeConfigurations(Invoker.java:222)
at org.testng.internal.Invoker.invokeMethod(Invoker.java:523)
at org.testng.internal.Invoker.invokeTestMethod(Invoker.java:719)
at org.testng.internal.Invoker.invokeTestMethods(Invoker.java:989)
at org.testng.internal.TestMethodWorker.invokeTestMethods(TestMethodWorker.java:125)
at org.testng.internal.TestMethodWorker.run(TestMethodWorker.java:109)
at org.testng.TestRunner.privateRun(TestRunner.java:648)
at org.testng.TestRunner.run(TestRunner.java:505)
at org.testng.SuiteRunner.runTest(SuiteRunner.java:455)
at org.testng.SuiteRunner.runSequentially(SuiteRunner.java:450)
at org.testng.SuiteRunner.privateRun(SuiteRunner.java:415)
at org.testng.SuiteRunner.run(SuiteRunner.java:364)
at org.testng.SuiteRunnerWorker.runSuite(SuiteRunnerWorker.java:52)
at org.testng.SuiteRunnerWorker.run(SuiteRunnerWorker.java:84)
at org.testng.TestNG.runSuitesSequentially(TestNG.java:1208)
at org.testng.TestNG.runSuitesLocally(TestNG.java:1137)
at org.testng.TestNG.runSuites(TestNG.java:1049)
at org.testng.TestNG.run(TestNG.java:1017)
at org.apache.maven.surefire.testng.TestNGExecutor.run(TestNGExecutor.java:135)
at org.apache.maven.surefire.testng.TestNGDirectoryTestSuite.executeMulti(TestNGDirectoryTestSuite.java:193)
at org.apache.maven.surefire.testng.TestNGDirectoryTestSuite.execute(TestNGDirectoryTestSuite.java:94)
at org.apache.maven.surefire.testng.TestNGProvider.invoke(TestNGProvider.java:146)
at org.apache.maven.surefire.booter.ForkedBooter.invokeProviderInSameClassLoader(ForkedBooter.java:384)
at org.apache.maven.surefire.booter.ForkedBooter.runSuitesInProcess(ForkedBooter.java:345)
at org.apache.maven.surefire.booter.ForkedBooter.execute(ForkedBooter.java:126)
at org.apache.maven.surefire.booter.ForkedBooter.main(ForkedBooter.java:418)
]]>
    </error>
  </testcase> <!-- pagesDriver -->
  <testcase classname="portal.SignInTest" name="signInNotRegisteredMemberWithError" time="0.000">
    <skipped/>
  </testcase> <!-- signInNotRegisteredMemberWithError -->
  <testcase classname="portal.SignInTest" name="emptySignInErrorVerification" time="0.000">
    <skipped/>
  </testcase> <!-- emptySignInErrorVerification -->
  <testcase classname="portal.SignInTest" name="recoveryPasswordMailSentSuccess" time="0.000">
    <skipped/>
  </testcase> <!-- recoveryPasswordMailSentSuccess -->
</testsuite> <!-- portal.SignInTest -->
